<?xml version="1.0" encoding="UTF-8"?>
<!-- Generated by org.testng.reporters.JUnitReportReporter -->
<testsuite hostname="DESKTOP-TNBFE61" name="demo.demo3" tests="1" failures="0" timestamp="10 Apr 2018 09:51:53 GMT" time="25.460" errors="0">
  <testcase name="Testcase1" time="25.460" classname="demo.demo3"/>
</testsuite> <!-- demo.demo3 -->
